<?xml version="1.0" encoding="UTF-8"?>
<!-- Generated by org.testng.reporters.JUnitReportReporter -->
<testsuite ignored="0" hostname="DESKTOP-ARUN" failures="0" tests="1" name="com.Banking.testCases.TC_LoginTest" time="4.061" errors="0" timestamp="10 Apr 2022 12:51:18 GMT" skipped="0">
  <testcase classname="com.Banking.testCases.TC_LoginTest" name="loginTest" time="4.061"/>
</testsuite> <!-- com.Banking.testCases.TC_LoginTest -->
