<?xml version="1.0" encoding="UTF-8"?>
<!-- Generated by org.testng.reporters.JUnitReportReporter -->
<testsuite name="com.Banking.testCases.TC_LoginTest" tests="1" time="5.468" ignored="0" failures="0" timestamp="12 Apr 2022 12:18:16 GMT" skipped="0" hostname="DESKTOP-ARUN" errors="0">
  <testcase name="loginTest" time="5.468" classname="com.Banking.testCases.TC_LoginTest"/>
</testsuite> <!-- com.Banking.testCases.TC_LoginTest -->
